<?xml version="1.0" encoding="UTF-8"?>
<!-- Generated by org.testng.reporters.JUnitXMLReporter -->
<testsuite hostname="Venky" ignored="4" name="Testname" tests="8" failures="0" timestamp="10 Aug 2018 18:06:01 GMT" time="498.239" errors="0">
  <testcase name="createLead" time="9.911" classname="overallTc.TC001CreateLead"/>
  <testcase name="createLead" time="7.395" classname="overallTc.TC001CreateLead"/>
  <testcase name="createLead" time="8.443" classname="overallTc.TC001CreateLead"/>
  <testcase name="editLeads" time="76.842" classname="overallTc.TC002EditLead"/>
  <testcase name="editLeads" time="74.402" classname="overallTc.TC002EditLead"/>
  <testcase name="editLeads" time="74.203" classname="overallTc.TC003DuplicateLead"/>
  <testcase name="editLeads" time="75.781" classname="overallTc.TC003DuplicateLead"/>
  <testcase name="editLeads" time="74.005" classname="overallTc.TC003DuplicateLead"/>
  <testcase name="@BeforeSuite brforesuite" time="0.0" classname="wdMethods.Annotations">
    <ignored/>
  </testcase> <!-- @BeforeSuite brforesuite -->
  <testcase name="@BeforeSuite brforesuite" time="0.0" classname="wdMethods.Annotations">
    <ignored/>
  </testcase> <!-- @BeforeSuite brforesuite -->
  <testcase name="@AfterSuite aftersuite" time="0.0" classname="wdMethods.Annotations">
    <ignored/>
  </testcase> <!-- @AfterSuite aftersuite -->
  <testcase name="@AfterSuite aftersuite" time="0.0" classname="wdMethods.Annotations">
    <ignored/>
  </testcase> <!-- @AfterSuite aftersuite -->
</testsuite> <!-- Testname -->
