<?xml version="1.0" encoding="UTF-8"?>
<!-- Generated by org.testng.reporters.JUnitXMLReporter -->
<testsuite hostname="Venky" ignored="0" name="Tertiary" tests="1" failures="1" timestamp="21 Jul 2018 04:18:32 GMT" time="81.577" errors="0">
  <testcase name="flip" time="81.53" classname="testcase1.FlipkartSE">
    <failure type="java.lang.RuntimeException">
      <![CDATA[java.lang.RuntimeException
at wdMethods.SeMethods.switchToWindow(SeMethods.java:387)
at testcase1.FlipkartSE.flip(FlipkartSE.java:43)
at java.util.concurrent.ThreadPoolExecutor.runWorker(Unknown Source)
at java.util.concurrent.ThreadPoolExecutor$Worker.run(Unknown Source)
at java.lang.Thread.run(Unknown Source)
... Removed 10 stack frames]]>
    </failure>
  </testcase> <!-- flip -->
</testsuite> <!-- Tertiary -->
